I1017 12:44:00.002735   29458 load.go:31] Reloading schema and connectors...
I1017 12:44:00.150946   29458 control.go:94] [/emulator/studio d1f1] UpdateResources(): done
Main schema: sources: schema/schema.gql [1992B] 
Connector "example": sources: example/mutations.gql [1243B] example/queries.gql [1801B] 
I1017 12:44:00.287655   29458 codegen.go:82] [connector "example" javascriptSdk] Generating sources into "/home/user/studio/src/dataconnect-generated"
I1017 12:44:00.352625   29458 collector.go:107] schema extensions wrote into "/home/user/studio/dataconnect/.dataconnect/schema"
Generated sources: main/mutation.gql [13679B] main/implicit.gql [1261B] prelude.gql [73219B] main/input.gql [28173B] main/relation.gql [13746B] main/query.gql [5099B] 
I1017 12:44:00.368020   29458 collector.go:107] connector "example" javascriptSdk wrote into "/home/user/studio/src/dataconnect-generated"
Generated sources: package.json [863B] README.md [40931B] react/package.json [460B] react/esm/package.json [17B] react/index.cjs.js [3439B] react/esm/index.esm.js [3269B] esm/index.esm.js [3559B] index.cjs.js [4049B] react/index.d.ts [3961B] react/README.md [48299B] .guides/usage.md [3489B] .guides/setup.md [1682B] index.d.ts [8025B] esm/package.json [17B] 
I1017 12:44:00.412357   29458 installsdk.go:55] Package @dataconnect/generated is already installed. Skipping installation
I1017 12:44:00.412442   29458 load.go:109] Finished reloading
I1017 12:44:00.455516   29458 dev.go:102] Listening on address (HTTP + gRPC): 127.0.0.1:9390
I1017 12:44:10.211043   29458 migrate.go:24] Running migration SQL:
Step 1: CREATE EXTENSION IF NOT EXISTS "uuid-ossp"
Step 2: CREATE TABLE "public"."movie" ("id" uuid NOT NULL DEFAULT uuid_generate_v4(), "genre" text NULL, "image_url" text NOT NULL, "title" text NOT NULL, PRIMARY KEY ("id"))
Step 3: CREATE TABLE "public"."user" ("id" text NOT NULL, "username" character varying(50) NOT NULL, PRIMARY KEY ("id"))
Step 4: CREATE TABLE "public"."Reviews" ("movie_id" uuid NOT NULL, "user_id" text NOT NULL, "rating" integer NULL, "review_date" date NOT NULL, "review_text" text NULL, PRIMARY KEY ("movie_id", "user_id"), CONSTRAINT "Reviews_movie_id_fkey" FOREIGN KEY ("movie_id") REFERENCES "public"."movie" ("id") ON DELETE CASCADE, CONSTRAINT "Reviews_user_id_fkey" FOREIGN KEY ("user_id") REFERENCES "public"."user" ("id") ON DELETE CASCADE)
Step 5: CREATE INDEX "Reviews_movieId_idx" ON "public"."Reviews" ("movie_id")
Step 6: CREATE INDEX "Reviews_userId_idx" ON "public"."Reviews" ("user_id")
Step 7: CREATE TABLE "public"."movie_metadata" ("id" uuid NOT NULL DEFAULT uuid_generate_v4(), "movie_id" uuid NOT NULL, "description" text NULL, "rating" double precision NULL, "release_year" integer NULL, PRIMARY KEY ("id"), CONSTRAINT "movie_metadata_movie_id_fkey" FOREIGN KEY ("movie_id") REFERENCES "public"."movie" ("id") ON DELETE CASCADE)
Step 8: CREATE INDEX "movie_metadata_movieId_idx" ON "public"."movie_metadata" ("movie_id")
Step 9: CREATE UNIQUE INDEX "movie_metadata_movieId_uidx" ON "public"."movie_metadata" ("movie_id")
I1017 12:44:11.762470   29458 control.go:94] [/emulator/studio e584] UpdateResources(): done
Main schema: sources: schema/schema.gql [1992B] 
Connector "example": sources: example/mutations.gql [1243B] example/queries.gql [1801B] 
